INFO  @ Fri, 25 Mar 2022 05:44:55: Parameters: /home/jon126/miniconda3/envs/mageck-vispr/bin/mageck mle -k count1b.count_normalised_thresholded.txt -d ./library_data/design_matrix_2b.txt -n mle2b 
INFO  @ Fri, 25 Mar 2022 05:44:55: Cannot parse design matrix as a string; try to parse it as a file name ... 
INFO  @ Fri, 25 Mar 2022 05:44:55: Design matrix: 
INFO  @ Fri, 25 Mar 2022 05:44:55: [[1. 0. 0. 0. 0.] 
INFO  @ Fri, 25 Mar 2022 05:44:55:  [1. 1. 0. 1. 0.] 
INFO  @ Fri, 25 Mar 2022 05:44:55:  [1. 1. 0. 0. 1.] 
INFO  @ Fri, 25 Mar 2022 05:44:55:  [1. 0. 0. 0. 0.] 
INFO  @ Fri, 25 Mar 2022 05:44:55:  [1. 1. 0. 1. 0.] 
INFO  @ Fri, 25 Mar 2022 05:44:55:  [1. 1. 0. 0. 1.] 
INFO  @ Fri, 25 Mar 2022 05:44:55:  [1. 0. 0. 0. 0.] 
INFO  @ Fri, 25 Mar 2022 05:44:55:  [1. 0. 1. 1. 0.] 
INFO  @ Fri, 25 Mar 2022 05:44:55:  [1. 0. 1. 0. 1.] 
INFO  @ Fri, 25 Mar 2022 05:44:55:  [1. 0. 0. 0. 0.] 
INFO  @ Fri, 25 Mar 2022 05:44:55:  [1. 0. 1. 1. 0.] 
INFO  @ Fri, 25 Mar 2022 05:44:55:  [1. 0. 1. 0. 1.]] 
INFO  @ Fri, 25 Mar 2022 05:44:55: Beta labels:baseline,CON3,KO2,d11,d21 
INFO  @ Fri, 25 Mar 2022 05:44:55: Included samples:CON_r1_d0,CON_r1_d11,CON_r1_d21,CON_r2_d0,CON_r2_d11,CON_r2_d21,KO_r1_d0,KO_r1_d11,KO_r1_d21,KO_r2_d0,KO_r2_d11,KO_r2_d21 
INFO  @ Fri, 25 Mar 2022 05:44:55: Loaded samples:CON_r1_d0;CON_r1_d11;CON_r1_d21;CON_r2_d0;CON_r2_d11;CON_r2_d21;KO_r1_d0;KO_r1_d11;KO_r1_d21;KO_r2_d0;KO_r2_d11;KO_r2_d21 
INFO  @ Fri, 25 Mar 2022 05:44:55: Sample index: 0;1;2;3;4;5;6;7;8;9;10;11 
INFO  @ Fri, 25 Mar 2022 05:44:56: Loaded 18762 genes. 
DEBUG @ Fri, 25 Mar 2022 05:44:56: Initial (total) size factor: 0.9340275574185736 1.0492263096586942 1.1026523659440008 0.9155693312916654 1.0428414419341083 1.116579186076581 0.9091948005242622 1.0118715910136247 1.0114370524560596 0.928373709917035 1.0512721193240409 0.9828613268513002 
DEBUG @ Fri, 25 Mar 2022 05:44:57: Median factor: 0.9150302595730474 1.0166348040148872 1.0808071221553361 0.8985703511312579 1.0054509587701428 1.087379613838142 0.8921292555175134 1.008172767214491 1.1321492023189628 0.908858767220071 1.0504984866272016 1.1063663577422684 
INFO  @ Fri, 25 Mar 2022 05:44:57: Final size factor: 0.9150302595730474 1.0166348040148872 1.0808071221553361 0.8985703511312579 1.0054509587701428 1.087379613838142 0.8921292555175134 1.008172767214491 1.1321492023189628 0.908858767220071 1.0504984866272016 1.1063663577422684 
INFO  @ Fri, 25 Mar 2022 05:44:57: size factor: 1.0928600333573661,0.9836373848807919,0.9252344655222189,1.112878917873316,0.9945785930953706,0.9196420341837045,1.1209138068450766,0.9918934854419132,0.8832758067149774,1.1002809634094228,0.9519290248676747,0.9038597323590647 
INFO  @ Fri, 25 Mar 2022 05:44:57: Thread 0 started. 
INFO  @ Fri, 25 Mar 2022 05:44:57: Thread 0: total 1 instances. 
INFO  @ Fri, 25 Mar 2022 05:44:57: Thread 0 completed. 
INFO  @ Fri, 25 Mar 2022 05:44:57: All threads completed. 
INFO  @ Fri, 25 Mar 2022 05:44:57: Modeling the mean and variance ... 
INFO  @ Fri, 25 Mar 2022 05:44:57: Run the algorithm for the second time ... 
INFO  @ Fri, 25 Mar 2022 05:44:57: Skipping gene NA from MLE calculation since there are too many sgRNAs. To change, revise the --max-sgrnapergene-permutation option. 
INFO  @ Fri, 25 Mar 2022 05:44:57: Thread 0 started. 
INFO  @ Fri, 25 Mar 2022 05:44:57: Thread 0: total 18761 instances. 
INFO  @ Fri, 25 Mar 2022 05:44:57: Thread 0: Calculating FGFBP3 (1) ...  
INFO  @ Fri, 25 Mar 2022 05:45:00: Thread 0: Calculating GJB5 (1001) ...  
INFO  @ Fri, 25 Mar 2022 05:45:03: Thread 0: Calculating CSRNP3 (2001) ...  
INFO  @ Fri, 25 Mar 2022 05:45:06: Thread 0: Calculating WNT10B (3001) ...  
INFO  @ Fri, 25 Mar 2022 05:45:09: Thread 0: Calculating KRTAP10-4 (4001) ...  
INFO  @ Fri, 25 Mar 2022 05:45:12: Thread 0: Calculating GSX2 (5001) ...  
INFO  @ Fri, 25 Mar 2022 05:45:15: Thread 0: Calculating PIWIL2 (6001) ...  
INFO  @ Fri, 25 Mar 2022 05:45:17: Thread 0: Calculating FAM9C (7001) ...  
INFO  @ Fri, 25 Mar 2022 05:45:20: Thread 0: Calculating SMCO1 (8001) ...  
INFO  @ Fri, 25 Mar 2022 05:45:23: Thread 0: Calculating RNASEL (9001) ...  
INFO  @ Fri, 25 Mar 2022 05:45:26: Thread 0: Calculating ZNF311 (10001) ...  
INFO  @ Fri, 25 Mar 2022 05:45:29: Thread 0: Calculating SST (11001) ...  
INFO  @ Fri, 25 Mar 2022 05:45:31: Thread 0: Calculating PTPN5 (12001) ...  
INFO  @ Fri, 25 Mar 2022 05:45:34: Thread 0: Calculating ZNF264 (13001) ...  
INFO  @ Fri, 25 Mar 2022 05:45:37: Thread 0: Calculating ZNF577 (14001) ...  
INFO  @ Fri, 25 Mar 2022 05:45:40: Thread 0: Calculating ABLIM1 (15001) ...  
INFO  @ Fri, 25 Mar 2022 05:45:43: Thread 0: Calculating BEST4 (16001) ...  
INFO  @ Fri, 25 Mar 2022 05:45:46: Thread 0: Calculating SCML1 (17001) ...  
INFO  @ Fri, 25 Mar 2022 05:45:49: Thread 0: Calculating ZNF652 (18001) ...  
INFO  @ Fri, 25 Mar 2022 05:45:51: Thread 0 completed. 
INFO  @ Fri, 25 Mar 2022 05:45:51: All threads completed. 
INFO  @ Fri, 25 Mar 2022 05:45:55: Permuting groups of gene with 2 sgRNAs per gene. Group progress: 1/2 
INFO  @ Fri, 25 Mar 2022 05:45:55: Start permuting 2 rounds ... 
INFO  @ Fri, 25 Mar 2022 05:45:55: Collecting 37722 sgRNAs from 18762 genes. 
INFO  @ Fri, 25 Mar 2022 05:45:56: Permuting round 0 ... 
INFO  @ Fri, 25 Mar 2022 05:45:57: Thread 0 started. 
INFO  @ Fri, 25 Mar 2022 05:45:57: Thread 0: total 18762 instances. 
INFO  @ Fri, 25 Mar 2022 05:45:57: Thread 0: Calculating FGFBP3 (1) ...  
INFO  @ Fri, 25 Mar 2022 05:46:00: Thread 0: Calculating PRXL2C (1001) ...  
INFO  @ Fri, 25 Mar 2022 05:46:03: Thread 0: Calculating IFT57 (2001) ...  
INFO  @ Fri, 25 Mar 2022 05:46:06: Thread 0: Calculating NTN4 (3001) ...  
INFO  @ Fri, 25 Mar 2022 05:46:09: Thread 0: Calculating CYP39A1 (4001) ...  
INFO  @ Fri, 25 Mar 2022 05:46:13: Thread 0: Calculating TMEM129 (5001) ...  
INFO  @ Fri, 25 Mar 2022 05:46:16: Thread 0: Calculating NBPF10 (6001) ...  
INFO  @ Fri, 25 Mar 2022 05:46:20: Thread 0: Calculating SAXO1 (7001) ...  
INFO  @ Fri, 25 Mar 2022 05:46:25: Thread 0: Calculating IER2 (8001) ...  
INFO  @ Fri, 25 Mar 2022 05:46:34: Thread 0: Calculating MCEE (9001) ...  
INFO  @ Fri, 25 Mar 2022 05:46:37: Thread 0: Calculating ATP6V0E1 (10001) ...  
INFO  @ Fri, 25 Mar 2022 05:46:40: Thread 0: Calculating ZGPAT (11001) ...  
INFO  @ Fri, 25 Mar 2022 05:46:42: Thread 0: Calculating PIH1D1 (12001) ...  
INFO  @ Fri, 25 Mar 2022 05:46:45: Thread 0: Calculating OR7D4 (13001) ...  
INFO  @ Fri, 25 Mar 2022 05:46:48: Thread 0: Calculating SPATA31D3 (14001) ...  
INFO  @ Fri, 25 Mar 2022 05:46:51: Thread 0: Calculating CLIP2 (15001) ...  
INFO  @ Fri, 25 Mar 2022 05:46:54: Thread 0: Calculating NR2F1 (16001) ...  
INFO  @ Fri, 25 Mar 2022 05:46:57: Thread 0: Calculating ACTB (17001) ...  
INFO  @ Fri, 25 Mar 2022 05:47:00: Thread 0: Calculating KDM5D (18001) ...  
INFO  @ Fri, 25 Mar 2022 05:47:02: Thread 0 completed. 
INFO  @ Fri, 25 Mar 2022 05:47:02: All threads completed. 
INFO  @ Fri, 25 Mar 2022 05:47:06: Permuting round 1 ... 
INFO  @ Fri, 25 Mar 2022 05:47:07: Thread 0 started. 
INFO  @ Fri, 25 Mar 2022 05:47:07: Thread 0: total 18762 instances. 
INFO  @ Fri, 25 Mar 2022 05:47:07: Thread 0: Calculating FGFBP3 (1) ...  
INFO  @ Fri, 25 Mar 2022 05:47:10: Thread 0: Calculating PRXL2C (1001) ...  
INFO  @ Fri, 25 Mar 2022 05:47:13: Thread 0: Calculating IFT57 (2001) ...  
INFO  @ Fri, 25 Mar 2022 05:47:16: Thread 0: Calculating NTN4 (3001) ...  
INFO  @ Fri, 25 Mar 2022 05:47:19: Thread 0: Calculating CYP39A1 (4001) ...  
INFO  @ Fri, 25 Mar 2022 05:47:22: Thread 0: Calculating TMEM129 (5001) ...  
INFO  @ Fri, 25 Mar 2022 05:47:26: Thread 0: Calculating NBPF10 (6001) ...  
INFO  @ Fri, 25 Mar 2022 05:47:29: Thread 0: Calculating SAXO1 (7001) ...  
INFO  @ Fri, 25 Mar 2022 05:47:33: Thread 0: Calculating IER2 (8001) ...  
INFO  @ Fri, 25 Mar 2022 05:47:36: Thread 0: Calculating MCEE (9001) ...  
INFO  @ Fri, 25 Mar 2022 05:47:39: Thread 0: Calculating ATP6V0E1 (10001) ...  
INFO  @ Fri, 25 Mar 2022 05:47:42: Thread 0: Calculating ZGPAT (11001) ...  
INFO  @ Fri, 25 Mar 2022 05:47:45: Thread 0: Calculating PIH1D1 (12001) ...  
INFO  @ Fri, 25 Mar 2022 05:47:48: Thread 0: Calculating OR7D4 (13001) ...  
INFO  @ Fri, 25 Mar 2022 05:47:51: Thread 0: Calculating SPATA31D3 (14001) ...  
INFO  @ Fri, 25 Mar 2022 05:47:54: Thread 0: Calculating CLIP2 (15001) ...  
INFO  @ Fri, 25 Mar 2022 05:47:57: Thread 0: Calculating NR2F1 (16001) ...  
INFO  @ Fri, 25 Mar 2022 05:48:00: Thread 0: Calculating ACTB (17001) ...  
INFO  @ Fri, 25 Mar 2022 05:48:03: Thread 0: Calculating KDM5D (18001) ...  
INFO  @ Fri, 25 Mar 2022 05:48:05: Thread 0 completed. 
INFO  @ Fri, 25 Mar 2022 05:48:05: All threads completed. 
INFO  @ Fri, 25 Mar 2022 05:48:10: Assigning p values... 
INFO  @ Fri, 25 Mar 2022 05:48:41: Groups of gene with 200 sgRNAs per gene: assigning p values based on previous group results. Group progress: 2/2 
INFO  @ Fri, 25 Mar 2022 05:48:42: Writing gene results to mle2b.gene_summary.txt 
INFO  @ Fri, 25 Mar 2022 05:48:42: Writing sgRNA results to mle2b.sgrna_summary.txt 
